D:\專案\0140_TEST_MULITRHEAD_DYNAMIC\DYNAMIC_MULTITHREAD\MAINFRAME\CLASS_DBCOMPONENT\DEBUG\ADODATABASE.OBJ
D:\專案\0140_Test_mulitrhead_dynamic\Dynamic_MultiThread\MainFrame\Class_DBComponent\Debug\cl.command.1.tlog
D:\專案\0140_Test_mulitrhead_dynamic\Dynamic_MultiThread\MainFrame\Class_DBComponent\Debug\CL.read.1.tlog
D:\專案\0140_Test_mulitrhead_dynamic\Dynamic_MultiThread\MainFrame\Class_DBComponent\Debug\CL.write.1.tlog
D:\專案\0140_TEST_MULITRHEAD_DYNAMIC\DYNAMIC_MULTITHREAD\MAINFRAME\CLASS_DBCOMPONENT\DEBUG\CLASS_DBCOMPONENT.OBJ
D:\專案\0140_TEST_MULITRHEAD_DYNAMIC\DYNAMIC_MULTITHREAD\MAINFRAME\CLASS_DBCOMPONENT\DEBUG\CLASS_DBCOMPONENT.PCH
D:\專案\0140_Test_mulitrhead_dynamic\Dynamic_MultiThread\MainFrame\Class_DBComponent\Debug\Class_DBComponent.write.1.tlog
D:\專案\0140_TEST_MULITRHEAD_DYNAMIC\DYNAMIC_MULTITHREAD\MAINFRAME\CLASS_DBCOMPONENT\DEBUG\DBCOMPONENT.RES
D:\專案\0140_Test_mulitrhead_dynamic\Dynamic_MultiThread\MainFrame\Class_DBComponent\Debug\DBComponent.vcxprojResolveAssemblyReference.cache
D:\專案\0140_TEST_MULITRHEAD_DYNAMIC\DYNAMIC_MULTITHREAD\MAINFRAME\CLASS_DBCOMPONENT\DEBUG\DLLMAIN.OBJ
D:\專案\0140_Test_mulitrhead_dynamic\Dynamic_MultiThread\MainFrame\Class_DBComponent\Debug\link.command.1.tlog
D:\專案\0140_Test_mulitrhead_dynamic\Dynamic_MultiThread\MainFrame\Class_DBComponent\Debug\link.read.1.tlog
D:\專案\0140_Test_mulitrhead_dynamic\Dynamic_MultiThread\MainFrame\Class_DBComponent\Debug\link.write.1.tlog
D:\專案\0140_Test_mulitrhead_dynamic\Dynamic_MultiThread\MainFrame\Class_DBComponent\Debug\link-cvtres.read.1.tlog
D:\專案\0140_Test_mulitrhead_dynamic\Dynamic_MultiThread\MainFrame\Class_DBComponent\Debug\link-cvtres.write.1.tlog
D:\專案\0140_Test_mulitrhead_dynamic\Dynamic_MultiThread\MainFrame\Class_DBComponent\Debug\msado15.tlh
D:\專案\0140_Test_mulitrhead_dynamic\Dynamic_MultiThread\MainFrame\Class_DBComponent\Debug\msado15.tli
D:\專案\0140_Test_mulitrhead_dynamic\Dynamic_MultiThread\MainFrame\Class_DBComponent\Debug\rc.command.1.tlog
D:\專案\0140_Test_mulitrhead_dynamic\Dynamic_MultiThread\MainFrame\Class_DBComponent\Debug\rc.read.1.tlog
D:\專案\0140_Test_mulitrhead_dynamic\Dynamic_MultiThread\MainFrame\Class_DBComponent\Debug\rc.write.1.tlog
D:\專案\0140_TEST_MULITRHEAD_DYNAMIC\DYNAMIC_MULTITHREAD\MAINFRAME\CLASS_DBCOMPONENT\DEBUG\STDAFX.OBJ
D:\專案\0140_Test_mulitrhead_dynamic\Dynamic_MultiThread\MainFrame\Class_DBComponent\Debug\vc100.idb
D:\專案\0140_TEST_MULITRHEAD_DYNAMIC\DYNAMIC_MULTITHREAD\MAINFRAME\CLASS_DBCOMPONENT\DEBUG\VC100.PDB
D:\專案\0140_TEST_MULITRHEAD_DYNAMIC\DYNAMIC_MULTITHREAD\MAINFRAME\DEBUG\CLASS_DBCOMPONENT.DLL
D:\專案\0140_Test_mulitrhead_dynamic\Dynamic_MultiThread\MainFrame\Debug\Class_DBComponent.exp
D:\專案\0140_TEST_MULITRHEAD_DYNAMIC\DYNAMIC_MULTITHREAD\MAINFRAME\DEBUG\CLASS_DBCOMPONENT.ILK
D:\專案\0140_Test_mulitrhead_dynamic\Dynamic_MultiThread\MainFrame\Debug\Class_DBComponent.lib
D:\專案\0140_TEST_MULITRHEAD_DYNAMIC\DYNAMIC_MULTITHREAD\MAINFRAME\DEBUG\CLASS_DBCOMPONENT.PDB
