C:\ASSET\HOOK.LOG
D:\TEMP\立景 LINEGUID\CONTREL_20140623_VER1\CONTREL\CLASS_DBCOMPONENT\DEBUG\ADODATABASE.OBJ
D:\TEMP\立景 LINEGUID\CONTREL_20140623_VER1\CONTREL\CLASS_DBCOMPONENT\DEBUG\DBCOMPONENT.OBJ
D:\TEMP\立景 LINEGUID\CONTREL_20140623_VER1\CONTREL\CLASS_DBCOMPONENT\DEBUG\DBCOMPONENT.PCH
D:\TEMP\立景 LINEGUID\CONTREL_20140623_VER1\CONTREL\CLASS_DBCOMPONENT\DEBUG\DBCOMPONENT.RES
D:\TEMP\立景 LINEGUID\CONTREL_20140623_VER1\CONTREL\CLASS_DBCOMPONENT\DEBUG\DLLMAIN.OBJ
D:\TEMP\立景 LINEGUID\CONTREL_20140623_VER1\CONTREL\CLASS_DBCOMPONENT\DEBUG\STDAFX.OBJ
D:\TEMP\立景 LINEGUID\CONTREL_20140623_VER1\CONTREL\CLASS_DBCOMPONENT\DEBUG\VC100.PDB
D:\TEMP\立景 LINEGUID\CONTREL_20140623_VER1\CONTREL\DEPLOY\DBCOMPONENT.DLL
D:\Temp\立景 Lineguid\Contrel_20140623_Ver1\Contrel\Deploy\DBComponent.exp
D:\TEMP\立景 LINEGUID\CONTREL_20140623_VER1\CONTREL\DEPLOY\DBCOMPONENT.ILK
D:\Temp\立景 Lineguid\Contrel_20140623_Ver1\Contrel\Deploy\DBComponent.lib
D:\TEMP\立景 LINEGUID\CONTREL_20140623_VER1\CONTREL\DEPLOY\DBCOMPONENT.PDB
D:\Temp\立景 Lineguid\Contrel_20141006_Ver1\Contrel\Class_DBComponent\Debug\ADODatabase.obj
D:\Temp\立景 Lineguid\Contrel_20141006_Ver1\Contrel\Class_DBComponent\Debug\cl.command.1.tlog
D:\Temp\立景 Lineguid\Contrel_20141006_Ver1\Contrel\Class_DBComponent\Debug\CL.read.1.tlog
D:\Temp\立景 Lineguid\Contrel_20141006_Ver1\Contrel\Class_DBComponent\Debug\CL.write.1.tlog
D:\Temp\立景 Lineguid\Contrel_20141006_Ver1\Contrel\Class_DBComponent\Debug\Class_DBComponent.write.1.tlog
D:\Temp\立景 Lineguid\Contrel_20141006_Ver1\Contrel\Class_DBComponent\Debug\DBComponent.obj
D:\Temp\立景 Lineguid\Contrel_20141006_Ver1\Contrel\Class_DBComponent\Debug\DBComponent.pch
D:\Temp\立景 Lineguid\Contrel_20141006_Ver1\Contrel\Class_DBComponent\Debug\DBComponent.res
D:\Temp\立景 Lineguid\Contrel_20141006_Ver1\Contrel\Class_DBComponent\Debug\dllmain.obj
D:\Temp\立景 Lineguid\Contrel_20141006_Ver1\Contrel\Class_DBComponent\Debug\link.command.1.tlog
D:\Temp\立景 Lineguid\Contrel_20141006_Ver1\Contrel\Class_DBComponent\Debug\link.read.1.tlog
D:\Temp\立景 Lineguid\Contrel_20141006_Ver1\Contrel\Class_DBComponent\Debug\link.write.1.tlog
D:\Temp\立景 Lineguid\Contrel_20141006_Ver1\Contrel\Class_DBComponent\Debug\link-cvtres.read.1.tlog
D:\Temp\立景 Lineguid\Contrel_20141006_Ver1\Contrel\Class_DBComponent\Debug\link-cvtres.write.1.tlog
D:\Temp\立景 Lineguid\Contrel_20141006_Ver1\Contrel\Class_DBComponent\Debug\msado15.tlh
D:\Temp\立景 Lineguid\Contrel_20141006_Ver1\Contrel\Class_DBComponent\Debug\msado15.tli
D:\Temp\立景 Lineguid\Contrel_20141006_Ver1\Contrel\Class_DBComponent\Debug\rc.command.1.tlog
D:\Temp\立景 Lineguid\Contrel_20141006_Ver1\Contrel\Class_DBComponent\Debug\rc.read.1.tlog
D:\Temp\立景 Lineguid\Contrel_20141006_Ver1\Contrel\Class_DBComponent\Debug\rc.write.1.tlog
D:\Temp\立景 Lineguid\Contrel_20141006_Ver1\Contrel\Class_DBComponent\Debug\stdafx.obj
D:\Temp\立景 Lineguid\Contrel_20141006_Ver1\Contrel\Class_DBComponent\Debug\vc100.idb
D:\Temp\立景 Lineguid\Contrel_20141006_Ver1\Contrel\Class_DBComponent\Debug\vc100.pdb
D:\Temp\立景 Lineguid\Contrel_20141006_Ver1\Contrel\Deploy\DBComponent.dll
D:\Temp\立景 Lineguid\Contrel_20141006_Ver1\Contrel\Deploy\DBComponent.ilk
D:\Temp\立景 Lineguid\Contrel_20141006_Ver1\Contrel\Deploy\DBComponent.pdb
