D:\專案\0140_TEST_MULITRHEAD_DYNAMIC\DYNAMIC_MULTITHREAD\MAINFRAME\CLASS_LOGSYSTEM\DEBUG\BASETABCTRL.OBJ
D:\專案\0140_Test_mulitrhead_dynamic\Dynamic_MultiThread\MainFrame\Class_Logsystem\Debug\cl.command.1.tlog
D:\專案\0140_Test_mulitrhead_dynamic\Dynamic_MultiThread\MainFrame\Class_Logsystem\Debug\CL.read.1.tlog
D:\專案\0140_Test_mulitrhead_dynamic\Dynamic_MultiThread\MainFrame\Class_Logsystem\Debug\CL.write.1.tlog
D:\專案\0140_TEST_MULITRHEAD_DYNAMIC\DYNAMIC_MULTITHREAD\MAINFRAME\CLASS_LOGSYSTEM\DEBUG\CLASS_LOGSYSTEM.OBJ
D:\專案\0140_TEST_MULITRHEAD_DYNAMIC\DYNAMIC_MULTITHREAD\MAINFRAME\CLASS_LOGSYSTEM\DEBUG\CLASS_LOGSYSTEM.PCH
D:\專案\0140_Test_mulitrhead_dynamic\Dynamic_MultiThread\MainFrame\Class_Logsystem\Debug\Class_Logsystem.write.1.tlog
D:\專案\0140_TEST_MULITRHEAD_DYNAMIC\DYNAMIC_MULTITHREAD\MAINFRAME\CLASS_LOGSYSTEM\DEBUG\CLIPBOARD.OBJ
D:\專案\0140_TEST_MULITRHEAD_DYNAMIC\DYNAMIC_MULTITHREAD\MAINFRAME\CLASS_LOGSYSTEM\DEBUG\DLLMAIN.OBJ
D:\專案\0140_Test_mulitrhead_dynamic\Dynamic_MultiThread\MainFrame\Class_Logsystem\Debug\link.command.1.tlog
D:\專案\0140_Test_mulitrhead_dynamic\Dynamic_MultiThread\MainFrame\Class_Logsystem\Debug\link.read.1.tlog
D:\專案\0140_Test_mulitrhead_dynamic\Dynamic_MultiThread\MainFrame\Class_Logsystem\Debug\link.write.1.tlog
D:\專案\0140_Test_mulitrhead_dynamic\Dynamic_MultiThread\MainFrame\Class_Logsystem\Debug\link-cvtres.read.1.tlog
D:\專案\0140_Test_mulitrhead_dynamic\Dynamic_MultiThread\MainFrame\Class_Logsystem\Debug\link-cvtres.write.1.tlog
D:\專案\0140_TEST_MULITRHEAD_DYNAMIC\DYNAMIC_MULTITHREAD\MAINFRAME\CLASS_LOGSYSTEM\DEBUG\LOGCLIENT.OBJ
D:\專案\0140_TEST_MULITRHEAD_DYNAMIC\DYNAMIC_MULTITHREAD\MAINFRAME\CLASS_LOGSYSTEM\DEBUG\LOGFILE.OBJ
D:\專案\0140_TEST_MULITRHEAD_DYNAMIC\DYNAMIC_MULTITHREAD\MAINFRAME\CLASS_LOGSYSTEM\DEBUG\LOGMAINWINDOW.OBJ
D:\專案\0140_TEST_MULITRHEAD_DYNAMIC\DYNAMIC_MULTITHREAD\MAINFRAME\CLASS_LOGSYSTEM\DEBUG\LOGMSG.OBJ
D:\專案\0140_TEST_MULITRHEAD_DYNAMIC\DYNAMIC_MULTITHREAD\MAINFRAME\CLASS_LOGSYSTEM\DEBUG\LOGSERVER.OBJ
D:\專案\0140_TEST_MULITRHEAD_DYNAMIC\DYNAMIC_MULTITHREAD\MAINFRAME\CLASS_LOGSYSTEM\DEBUG\LOGSYSTEM.RES
D:\專案\0140_TEST_MULITRHEAD_DYNAMIC\DYNAMIC_MULTITHREAD\MAINFRAME\CLASS_LOGSYSTEM\DEBUG\LOGWINDOW.OBJ
D:\專案\0140_TEST_MULITRHEAD_DYNAMIC\DYNAMIC_MULTITHREAD\MAINFRAME\CLASS_LOGSYSTEM\DEBUG\MAIN_TAB.OBJ
D:\專案\0140_Test_mulitrhead_dynamic\Dynamic_MultiThread\MainFrame\Class_Logsystem\Debug\rc.command.1.tlog
D:\專案\0140_Test_mulitrhead_dynamic\Dynamic_MultiThread\MainFrame\Class_Logsystem\Debug\rc.read.1.tlog
D:\專案\0140_Test_mulitrhead_dynamic\Dynamic_MultiThread\MainFrame\Class_Logsystem\Debug\rc.write.1.tlog
D:\專案\0140_TEST_MULITRHEAD_DYNAMIC\DYNAMIC_MULTITHREAD\MAINFRAME\CLASS_LOGSYSTEM\DEBUG\STDAFX.OBJ
D:\專案\0140_Test_mulitrhead_dynamic\Dynamic_MultiThread\MainFrame\Class_Logsystem\Debug\vc100.idb
D:\專案\0140_TEST_MULITRHEAD_DYNAMIC\DYNAMIC_MULTITHREAD\MAINFRAME\CLASS_LOGSYSTEM\DEBUG\VC100.PDB
D:\專案\0140_TEST_MULITRHEAD_DYNAMIC\DYNAMIC_MULTITHREAD\MAINFRAME\CLASS_LOGSYSTEM\DEBUG\XLISTBOX.OBJ
D:\專案\0140_TEST_MULITRHEAD_DYNAMIC\DYNAMIC_MULTITHREAD\MAINFRAME\CLASS_LOGSYSTEM\DEBUG\XMEMMAP.OBJ
D:\專案\0140_TEST_MULITRHEAD_DYNAMIC\DYNAMIC_MULTITHREAD\MAINFRAME\CLASS_LOGSYSTEM\DEBUG\XQUEUE.OBJ
D:\專案\0140_TEST_MULITRHEAD_DYNAMIC\DYNAMIC_MULTITHREAD\MAINFRAME\DEBUG\CLASS_LOGSYSTEM.DLL
D:\專案\0140_Test_mulitrhead_dynamic\Dynamic_MultiThread\MainFrame\Debug\Class_Logsystem.exp
D:\專案\0140_TEST_MULITRHEAD_DYNAMIC\DYNAMIC_MULTITHREAD\MAINFRAME\DEBUG\CLASS_LOGSYSTEM.ILK
D:\專案\0140_Test_mulitrhead_dynamic\Dynamic_MultiThread\MainFrame\Debug\Class_Logsystem.lib
D:\專案\0140_TEST_MULITRHEAD_DYNAMIC\DYNAMIC_MULTITHREAD\MAINFRAME\DEBUG\CLASS_LOGSYSTEM.PDB
