C:\ASSET\HOOK.LOG
D:\TEMP\立景 LINEGUID\CONTREL_20140623_VER1\CONTREL\CLASS_LOGSYSTEM\DEBUG\BASETABCTRL.OBJ
D:\TEMP\立景 LINEGUID\CONTREL_20140623_VER1\CONTREL\CLASS_LOGSYSTEM\DEBUG\CLIPBOARD.OBJ
D:\TEMP\立景 LINEGUID\CONTREL_20140623_VER1\CONTREL\CLASS_LOGSYSTEM\DEBUG\DLLMAIN.OBJ
D:\TEMP\立景 LINEGUID\CONTREL_20140623_VER1\CONTREL\CLASS_LOGSYSTEM\DEBUG\LOGCLIENT.OBJ
D:\TEMP\立景 LINEGUID\CONTREL_20140623_VER1\CONTREL\CLASS_LOGSYSTEM\DEBUG\LOGFILE.OBJ
D:\TEMP\立景 LINEGUID\CONTREL_20140623_VER1\CONTREL\CLASS_LOGSYSTEM\DEBUG\LOGMAINWINDOW.OBJ
D:\TEMP\立景 LINEGUID\CONTREL_20140623_VER1\CONTREL\CLASS_LOGSYSTEM\DEBUG\LOGMSG.OBJ
D:\TEMP\立景 LINEGUID\CONTREL_20140623_VER1\CONTREL\CLASS_LOGSYSTEM\DEBUG\LOGSERVER.OBJ
D:\TEMP\立景 LINEGUID\CONTREL_20140623_VER1\CONTREL\CLASS_LOGSYSTEM\DEBUG\LOGSYSTEM.OBJ
D:\TEMP\立景 LINEGUID\CONTREL_20140623_VER1\CONTREL\CLASS_LOGSYSTEM\DEBUG\LOGSYSTEM.PCH
D:\TEMP\立景 LINEGUID\CONTREL_20140623_VER1\CONTREL\CLASS_LOGSYSTEM\DEBUG\LOGSYSTEM.RES
D:\TEMP\立景 LINEGUID\CONTREL_20140623_VER1\CONTREL\CLASS_LOGSYSTEM\DEBUG\LOGWINDOW.OBJ
D:\TEMP\立景 LINEGUID\CONTREL_20140623_VER1\CONTREL\CLASS_LOGSYSTEM\DEBUG\MAIN_TAB.OBJ
D:\TEMP\立景 LINEGUID\CONTREL_20140623_VER1\CONTREL\CLASS_LOGSYSTEM\DEBUG\STDAFX.OBJ
D:\TEMP\立景 LINEGUID\CONTREL_20140623_VER1\CONTREL\CLASS_LOGSYSTEM\DEBUG\VC100.PDB
D:\TEMP\立景 LINEGUID\CONTREL_20140623_VER1\CONTREL\CLASS_LOGSYSTEM\DEBUG\XLISTBOX.OBJ
D:\TEMP\立景 LINEGUID\CONTREL_20140623_VER1\CONTREL\CLASS_LOGSYSTEM\DEBUG\XMEMMAP.OBJ
D:\TEMP\立景 LINEGUID\CONTREL_20140623_VER1\CONTREL\CLASS_LOGSYSTEM\DEBUG\XQUEUE.OBJ
D:\TEMP\立景 LINEGUID\CONTREL_20140623_VER1\CONTREL\DEPLOY\LOGSYSTEM.DLL
D:\Temp\立景 Lineguid\Contrel_20140623_Ver1\Contrel\Deploy\LogSystem.exp
D:\TEMP\立景 LINEGUID\CONTREL_20140623_VER1\CONTREL\DEPLOY\LOGSYSTEM.ILK
D:\Temp\立景 Lineguid\Contrel_20140623_Ver1\Contrel\Deploy\LogSystem.lib
D:\TEMP\立景 LINEGUID\CONTREL_20140623_VER1\CONTREL\DEPLOY\LOGSYSTEM.PDB
D:\Temp\立景 Lineguid\Contrel_20141006_Ver1\Contrel\Class_Logsystem\Debug\BaseTabCtrl.obj
D:\Temp\立景 Lineguid\Contrel_20141006_Ver1\Contrel\Class_Logsystem\Debug\cl.command.1.tlog
D:\Temp\立景 Lineguid\Contrel_20141006_Ver1\Contrel\Class_Logsystem\Debug\CL.read.1.tlog
D:\Temp\立景 Lineguid\Contrel_20141006_Ver1\Contrel\Class_Logsystem\Debug\CL.write.1.tlog
D:\Temp\立景 Lineguid\Contrel_20141006_Ver1\Contrel\Class_Logsystem\Debug\Class_Logsystem.write.1.tlog
D:\Temp\立景 Lineguid\Contrel_20141006_Ver1\Contrel\Class_Logsystem\Debug\Clipboard.obj
D:\Temp\立景 Lineguid\Contrel_20141006_Ver1\Contrel\Class_Logsystem\Debug\dllmain.obj
D:\Temp\立景 Lineguid\Contrel_20141006_Ver1\Contrel\Class_Logsystem\Debug\link.command.1.tlog
D:\Temp\立景 Lineguid\Contrel_20141006_Ver1\Contrel\Class_Logsystem\Debug\link.read.1.tlog
D:\Temp\立景 Lineguid\Contrel_20141006_Ver1\Contrel\Class_Logsystem\Debug\link.write.1.tlog
D:\Temp\立景 Lineguid\Contrel_20141006_Ver1\Contrel\Class_Logsystem\Debug\link-cvtres.read.1.tlog
D:\Temp\立景 Lineguid\Contrel_20141006_Ver1\Contrel\Class_Logsystem\Debug\link-cvtres.write.1.tlog
D:\Temp\立景 Lineguid\Contrel_20141006_Ver1\Contrel\Class_Logsystem\Debug\LogClient.obj
D:\Temp\立景 Lineguid\Contrel_20141006_Ver1\Contrel\Class_Logsystem\Debug\LogFile.obj
D:\Temp\立景 Lineguid\Contrel_20141006_Ver1\Contrel\Class_Logsystem\Debug\LogMainWindow.obj
D:\Temp\立景 Lineguid\Contrel_20141006_Ver1\Contrel\Class_Logsystem\Debug\LogMsg.obj
D:\Temp\立景 Lineguid\Contrel_20141006_Ver1\Contrel\Class_Logsystem\Debug\LogServer.obj
D:\Temp\立景 Lineguid\Contrel_20141006_Ver1\Contrel\Class_Logsystem\Debug\Logsystem.obj
D:\Temp\立景 Lineguid\Contrel_20141006_Ver1\Contrel\Class_Logsystem\Debug\LogSystem.pch
D:\Temp\立景 Lineguid\Contrel_20141006_Ver1\Contrel\Class_Logsystem\Debug\Logsystem.res
D:\Temp\立景 Lineguid\Contrel_20141006_Ver1\Contrel\Class_Logsystem\Debug\LogWindow.obj
D:\Temp\立景 Lineguid\Contrel_20141006_Ver1\Contrel\Class_Logsystem\Debug\MAIN_Tab.obj
D:\Temp\立景 Lineguid\Contrel_20141006_Ver1\Contrel\Class_Logsystem\Debug\rc.command.1.tlog
D:\Temp\立景 Lineguid\Contrel_20141006_Ver1\Contrel\Class_Logsystem\Debug\rc.read.1.tlog
D:\Temp\立景 Lineguid\Contrel_20141006_Ver1\Contrel\Class_Logsystem\Debug\rc.write.1.tlog
D:\Temp\立景 Lineguid\Contrel_20141006_Ver1\Contrel\Class_Logsystem\Debug\stdafx.obj
D:\Temp\立景 Lineguid\Contrel_20141006_Ver1\Contrel\Class_Logsystem\Debug\vc100.idb
D:\Temp\立景 Lineguid\Contrel_20141006_Ver1\Contrel\Class_Logsystem\Debug\vc100.pdb
D:\Temp\立景 Lineguid\Contrel_20141006_Ver1\Contrel\Class_Logsystem\Debug\XListBox.obj
D:\Temp\立景 Lineguid\Contrel_20141006_Ver1\Contrel\Class_Logsystem\Debug\XMemmap.obj
D:\Temp\立景 Lineguid\Contrel_20141006_Ver1\Contrel\Class_Logsystem\Debug\XQueue.obj
D:\Temp\立景 Lineguid\Contrel_20141006_Ver1\Contrel\Deploy\LogSystem.dll
D:\Temp\立景 Lineguid\Contrel_20141006_Ver1\Contrel\Deploy\LogSystem.ilk
D:\Temp\立景 Lineguid\Contrel_20141006_Ver1\Contrel\Deploy\LogSystem.pdb
